<?xml version="1.0" encoding="UTF-8"?>
<!-- Generated by org.testng.reporters.JUnitReportReporter -->
<testsuite hostname="ADMIN-PC" name="p1.prtTestNg" tests="2" failures="0" timestamp="30 Mar 2020 12:50:29 GMT" time="0.029" errors="0">
  <testcase name="method1" time="0.006" classname="p1.prtTestNg"/>
  <testcase name="method2" time="0.023" classname="p1.prtTestNg"/>
</testsuite> <!-- p1.prtTestNg -->
