<?xml version="1.0" encoding="UTF-8"?>
<!-- Generated by org.testng.reporters.JUnitReportReporter -->
<testsuite hostname="ADMIN-PC" name="p1.Test2" tests="1" failures="0" timestamp="3 Nov 2018 11:41:25 GMT" time="23.472" errors="0">
  <testcase name="parallel2" time="23.472" classname="p1.Test2"/>
</testsuite> <!-- p1.Test2 -->
