<?xml version="1.0" encoding="UTF-8"?>
<!-- Generated by org.testng.reporters.JUnitReportReporter -->
<testsuite hostname="ADMIN-PC" name="p1.Test1" tests="1" failures="0" timestamp="3 Nov 2018 11:41:25 GMT" time="16.257" errors="0">
  <testcase name="parallel1" time="16.257" classname="p1.Test1"/>
</testsuite> <!-- p1.Test1 -->
