<?xml version="1.0" encoding="UTF-8"?>
<!-- Generated by org.testng.reporters.JUnitReportReporter -->
<testsuite hostname="ADMIN-PC" name="p1.Test3$Test2" tests="3" failures="0" timestamp="25 Mar 2018 08:41:45 GMT" time="0.034" errors="0">
  <testcase name="m7" time="0.002" classname="p1.Test3$Test2"/>
  <testcase name="m9" time="0.003" classname="p1.Test3$Test2"/>
  <testcase name="m8" time="0.029" classname="p1.Test3$Test2"/>
</testsuite> <!-- p1.Test3$Test2 -->
